This is pdfTeX, Version 3.1415926-2.5-1.40.14 (TeX Live 2013/Debian) (format=pdflatex 2014.12.12)  13 JAN 2015 18:35
entering extended mode
 restricted \write18 enabled.
 %&-line parsing enabled.
**tamuthesis.tex
(./tamuthesis.tex
LaTeX2e <2011/06/27>
Babel <3.9h> and hyphenation patterns for 78 languages loaded.
(/usr/share/texlive/texmf-dist/tex/latex/base/report.cls
Document Class: report 2007/10/19 v1.4h Standard LaTeX document class
(/usr/share/texlive/texmf-dist/tex/latex/base/size12.clo
File: size12.clo 2007/10/19 v1.4h Standard LaTeX file (size option)
)
\c@part=\count79
\c@chapter=\count80
\c@section=\count81
\c@subsection=\count82
\c@subsubsection=\count83
\c@paragraph=\count84
\c@subparagraph=\count85
\c@figure=\count86
\c@table=\count87
\abovecaptionskip=\skip41
\belowcaptionskip=\skip42
\bibindent=\dimen102
)
(/usr/share/texlive/texmf-dist/tex/latex/geometry/geometry.sty
Package: geometry 2010/09/12 v5.6 Page Geometry

(/usr/share/texlive/texmf-dist/tex/latex/graphics/keyval.sty
Package: keyval 1999/03/16 v1.13 key=value parser (DPC)
\KV@toks@=\toks14
)
(/usr/share/texlive/texmf-dist/tex/generic/oberdiek/ifpdf.sty
Package: ifpdf 2011/01/30 v2.3 Provides the ifpdf switch (HO)
Package ifpdf Info: pdfTeX in PDF mode is detected.
)
(/usr/share/texlive/texmf-dist/tex/generic/oberdiek/ifvtex.sty
Package: ifvtex 2010/03/01 v1.5 Detect VTeX and its facilities (HO)
Package ifvtex Info: VTeX not detected.
)
(/usr/share/texlive/texmf-dist/tex/generic/ifxetex/ifxetex.sty
Package: ifxetex 2010/09/12 v0.6 Provides ifxetex conditional
)
\Gm@cnth=\count88
\Gm@cntv=\count89
\c@Gm@tempcnt=\count90
\Gm@bindingoffset=\dimen103
\Gm@wd@mp=\dimen104
\Gm@odd@mp=\dimen105
\Gm@even@mp=\dimen106
\Gm@layoutwidth=\dimen107
\Gm@layoutheight=\dimen108
\Gm@layouthoffset=\dimen109
\Gm@layoutvoffset=\dimen110
\Gm@dimlist=\toks15
)
(/usr/share/texlive/texmf-dist/tex/latex/setspace/setspace.sty
Package: setspace 2011/12/19 v6.7a set line spacing
)
(/usr/share/texlive/texmf-dist/tex/latex/tocloft/tocloft.sty
Package: tocloft 2013/05/02 v2.3f parameterised ToC, etc., typesetting
Package tocloft Info: The document has chapter divisions on input line 44.
\cftparskip=\skip43
\cftbeforetoctitleskip=\skip44
\cftaftertoctitleskip=\skip45
\cftbeforepartskip=\skip46
\cftpartnumwidth=\skip47
\cftpartindent=\skip48
\cftbeforechapskip=\skip49
\cftchapindent=\skip50
\cftchapnumwidth=\skip51
\cftbeforesecskip=\skip52
\cftsecindent=\skip53
\cftsecnumwidth=\skip54
\cftbeforesubsecskip=\skip55
\cftsubsecindent=\skip56
\cftsubsecnumwidth=\skip57
\cftbeforesubsubsecskip=\skip58
\cftsubsubsecindent=\skip59
\cftsubsubsecnumwidth=\skip60
\cftbeforeparaskip=\skip61
\cftparaindent=\skip62
\cftparanumwidth=\skip63
\cftbeforesubparaskip=\skip64
\cftsubparaindent=\skip65
\cftsubparanumwidth=\skip66
\cftbeforeloftitleskip=\skip67
\cftafterloftitleskip=\skip68
\cftbeforefigskip=\skip69
\cftfigindent=\skip70
\cftfignumwidth=\skip71
\c@lofdepth=\count91
\c@lotdepth=\count92
\cftbeforelottitleskip=\skip72
\cftafterlottitleskip=\skip73
\cftbeforetabskip=\skip74
\cfttabindent=\skip75
\cfttabnumwidth=\skip76
)
(/usr/share/texlive/texmf-dist/tex/latex/titlesec/titlesec.sty
Package: titlesec 2011/12/15 v2.10.0 Sectioning titles
\ttl@box=\box26
\beforetitleunit=\skip77
\aftertitleunit=\skip78
\ttl@plus=\dimen111
\ttl@minus=\dimen112
\ttl@toksa=\toks16
\titlewidth=\dimen113
\titlewidthlast=\dimen114
\titlewidthfirst=\dimen115
)
(/usr/share/texlive/texmf-dist/tex/latex/tools/indentfirst.sty
Package: indentfirst 1995/11/23 v1.03 Indent first paragraph (DPC)
)
(/usr/share/texlive/texmf-dist/tex/latex/etoolbox/etoolbox.sty
Package: etoolbox 2011/01/03 v2.1 e-TeX tools for LaTeX

(/usr/share/texlive/texmf-dist/tex/latex/etex-pkg/etex.sty
Package: etex 1998/03/26 v2.0 eTeX basic definition package (PEB)
\et@xins=\count93
)
\etb@tempcnta=\count94
)
(/usr/share/texlive/texmf-dist/tex/latex/tocvsec2/tocvsec2.sty
Package: tocvsec2 2011/08/07 v1.3 variable ToC section entries

(/usr/share/texlive/texmf-dist/tex/latex/base/ifthen.sty
Package: ifthen 2001/05/26 v1.1c Standard LaTeX ifthen package (DPC)
)
\c@max@tocdepth=\count95
\c@max@secnumdepth=\count96
)
(/usr/share/texlive/texmf-dist/tex/latex/appendix/appendix.sty
Package: appendix 2009/09/02 v1.2b extra appendix facilities
\c@@pps=\count97
\c@@ppsavesec=\count98
\c@@ppsaveapp=\count99
)
(./tamuconfig.sty
Package: tamuconfig 
)
(/usr/share/texlive/texmf-dist/tex/latex/rotating/rotating.sty
Package: rotating 2009/03/28 v2.16a rotated objects in LaTeX

(/usr/share/texlive/texmf-dist/tex/latex/graphics/graphicx.sty
Package: graphicx 1999/02/16 v1.0f Enhanced LaTeX Graphics (DPC,SPQR)

(/usr/share/texlive/texmf-dist/tex/latex/graphics/graphics.sty
Package: graphics 2009/02/05 v1.0o Standard LaTeX Graphics (DPC,SPQR)

(/usr/share/texlive/texmf-dist/tex/latex/graphics/trig.sty
Package: trig 1999/03/16 v1.09 sin cos tan (DPC)
)
(/usr/share/texlive/texmf-dist/tex/latex/latexconfig/graphics.cfg
File: graphics.cfg 2010/04/23 v1.9 graphics configuration of TeX Live
)
Package graphics Info: Driver file: pdftex.def on input line 91.

(/usr/share/texlive/texmf-dist/tex/latex/pdftex-def/pdftex.def
File: pdftex.def 2011/05/27 v0.06d Graphics/color for pdfTeX

(/usr/share/texlive/texmf-dist/tex/generic/oberdiek/infwarerr.sty
Package: infwarerr 2010/04/08 v1.3 Providing info/warning/error messages (HO)
)
(/usr/share/texlive/texmf-dist/tex/generic/oberdiek/ltxcmds.sty
Package: ltxcmds 2011/11/09 v1.22 LaTeX kernel commands for general use (HO)
)
\Gread@gobject=\count100
))
\Gin@req@height=\dimen116
\Gin@req@width=\dimen117
)
\c@r@tfl@t=\count101
\rotFPtop=\skip79
\rotFPbot=\skip80
\rot@float@box=\box27
\rot@mess@toks=\toks17
)
(/usr/share/texlive/texmf-dist/tex/latex/caption/caption.sty
Package: caption 2013/05/02 v3.3-89 Customizing captions (AR)

(/usr/share/texlive/texmf-dist/tex/latex/caption/caption3.sty
Package: caption3 2013/05/02 v1.6-88 caption3 kernel (AR)
Package caption3 Info: TeX engine: e-TeX on input line 57.
\captionmargin=\dimen118
\captionmargin@=\dimen119
\captionwidth=\dimen120
\caption@tempdima=\dimen121
\caption@indent=\dimen122
\caption@parindent=\dimen123
\caption@hangindent=\dimen124
)
\c@ContinuedFloat=\count102
Package caption Info: rotating package is loaded.
)
(/usr/share/texlive/texmf-dist/tex/latex/caption/subcaption.sty
Package: subcaption 2013/02/03 v1.1-62 Sub-captions (AR)
\c@subfigure=\count103
\c@subtable=\count104
)
(/usr/share/texlive/texmf-dist/tex/latex/float/float.sty
Package: float 2001/11/08 v1.3d Float enhancements (AL)
\c@float@type=\count105
\float@exts=\toks18
\float@box=\box28
\@float@everytoks=\toks19
\@floatcapt=\box29
)
(/usr/share/texlive/texmf-dist/tex/latex/url/url.sty
\Urlmuskip=\muskip10
Package: url 2013/09/16  ver 3.4  Verb mode for urls, etc.
)
(/usr/share/texlive/texmf-dist/tex/latex/program/program.sty
\@gtempa=\dimen125
\@gtempa=\dimen126
\@gtempa=\dimen127
\@gtempa=\dimen128
\@gtempa=\dimen129
\@gtempa=\dimen130
\@gtempa=\dimen131
\@gtempa=\dimen132
\@gtempa=\dimen133
\@gtempa=\dimen134
\@gtempa=\dimen135
\@gtempa=\dimen136
\@gtempa=\dimen137
\@gtempa=\dimen138
\@gtempa=\dimen139
\@gtempa=\dimen140
\@gtempa=\dimen141
\@gtempa=\dimen142
\@gtempa=\dimen143
\@gtempa=\dimen144
\@gtempa=\dimen145
\@gtempa=\dimen146
\@gtempa=\dimen147
\@gtempa=\dimen148
\@gtempa=\dimen149
\@gtempa=\dimen150
\@gtempa=\dimen151
\@gtempa=\dimen152
\@gtempa=\dimen153
\@gtempa=\dimen154
\@gtempa=\dimen155
\@gtempa=\dimen156
\@gtempa=\dimen157
\@gtempa=\dimen158
\@gtempa=\dimen159
\@gtempa=\dimen160
\@gtempa=\dimen161
\@gtempa=\dimen162
\@gtempa=\dimen163
\@gtempa=\dimen164
\@gtempa=\dimen165
\@gtempa=\dimen166
\@gtempa=\dimen167
\@gtempa=\dimen168
\@gtempa=\dimen169
\@gtempa=\dimen170
\@gtempa=\dimen171
\@gtempa=\dimen172
\@gtempa=\dimen173
\@gtempa=\dimen174
\c@programline=\count106
\old@nxttabmar=\count107
\symeulerletters=\mathgroup4
\powersetbox=\box30
LaTeX Font Info:    External font `cmex10' loaded for size
(Font)              <17.28> on input line 839.
LaTeX Font Info:    External font `cmex10' loaded for size
(Font)              <12> on input line 839.
LaTeX Font Info:    Try loading font information for U+eur on input line 839.

(/usr/share/texlive/texmf-dist/tex/latex/amsfonts/ueur.fd
File: ueur.fd 2013/01/14 v3.01 Euler Roman
))
(/usr/share/texlive/texmf-dist/tex/latex/algorithms/algorithm.sty
Package: algorithm 2009/08/24 v0.1 Document Style `algorithm' - floating enviro
nment
\@float@every@algorithm=\toks20
\c@algorithm=\count108
)
(/usr/share/texlive/texmf-dist/tex/latex/algorithmicx/algpseudocode.sty
Package: algpseudocode 

(/usr/share/texlive/texmf-dist/tex/latex/algorithmicx/algorithmicx.sty
Package: algorithmicx 2005/04/27 v1.2 Algorithmicx

Document Style algorithmicx 1.2 - a greatly improved `algorithmic' style
\c@ALG@line=\count109
\c@ALG@rem=\count110
\c@ALG@nested=\count111
\ALG@tlm=\skip81
\ALG@thistlm=\skip82
\c@ALG@Lnr=\count112
\c@ALG@blocknr=\count113
\c@ALG@storecount=\count114
\c@ALG@tmpcounter=\count115
\ALG@tmplength=\skip83
)
Document Style - pseudocode environments for use with the `algorithmicx' style
) (/usr/share/texlive/texmf-dist/tex/latex/tools/verbatim.sty
Package: verbatim 2003/08/22 v1.5q LaTeX2e package for verbatim enhancements
\every@verbatim=\toks21
\verbatim@line=\toks22
\verbatim@in@stream=\read1
)
(./tamuthesis.aux (./titlepage.aux) (./abstract.aux) (./dedication.aux)
(./acknowledgements.aux) (./nomenclature.aux) (./lists.aux) (./introduction.aux
) (./design.aux) (./experiment.aux) (./results.aux) (./bibliography.aux))
\openout1 = `tamuthesis.aux'.

LaTeX Font Info:    Checking defaults for OML/cmm/m/it on input line 62.
LaTeX Font Info:    ... okay on input line 62.
LaTeX Font Info:    Checking defaults for T1/cmr/m/n on input line 62.
LaTeX Font Info:    ... okay on input line 62.
LaTeX Font Info:    Checking defaults for OT1/cmr/m/n on input line 62.
LaTeX Font Info:    ... okay on input line 62.
LaTeX Font Info:    Checking defaults for OMS/cmsy/m/n on input line 62.
LaTeX Font Info:    ... okay on input line 62.
LaTeX Font Info:    Checking defaults for OMX/cmex/m/n on input line 62.
LaTeX Font Info:    ... okay on input line 62.
LaTeX Font Info:    Checking defaults for U/cmr/m/n on input line 62.
LaTeX Font Info:    ... okay on input line 62.

*geometry* driver: auto-detecting
*geometry* detected driver: pdftex
*geometry* verbose mode - [ preamble ] result:
* driver: pdftex
* paper: letterpaper
* layout: <same size as paper>
* layoutoffset:(h,v)=(0.0pt,0.0pt)
* modes: 
* h-part:(L,W,R)=(101.17755pt, 430.0074pt, 83.11005pt)
* v-part:(T,H,B)=(90.3375pt, 614.295pt, 90.3375pt)
* \paperwidth=614.295pt
* \paperheight=794.96999pt
* \textwidth=430.0074pt
* \textheight=614.295pt
* \oddsidemargin=28.90756pt
* \evensidemargin=28.90756pt
* \topmargin=-18.9325pt
* \headheight=12.0pt
* \headsep=25.0pt
* \topskip=12.0pt
* \footskip=30.0pt
* \marginparwidth=44.0pt
* \marginparsep=10.0pt
* \columnsep=10.0pt
* \skip\footins=10.8pt plus 4.0pt minus 2.0pt
* \hoffset=0.0pt
* \voffset=0.0pt
* \mag=1000
* \@twocolumnfalse
* \@twosidefalse
* \@mparswitchfalse
* \@reversemarginfalse
* (1in=72.27pt=25.4mm, 1cm=28.453pt)

(/usr/share/texlive/texmf-dist/tex/context/base/supp-pdf.mkii
[Loading MPS to PDF converter (version 2006.09.02).]
\scratchcounter=\count116
\scratchdimen=\dimen175
\scratchbox=\box31
\nofMPsegments=\count117
\nofMParguments=\count118
\everyMPshowfont=\toks23
\MPscratchCnt=\count119
\MPscratchDim=\dimen176
\MPnumerator=\count120
\makeMPintoPDFobject=\count121
\everyMPtoPDFconversion=\toks24
) (/usr/share/texlive/texmf-dist/tex/generic/oberdiek/pdftexcmds.sty
Package: pdftexcmds 2011/11/29 v0.20 Utility functions of pdfTeX for LuaTeX (HO
)

(/usr/share/texlive/texmf-dist/tex/generic/oberdiek/ifluatex.sty
Package: ifluatex 2010/03/01 v1.3 Provides the ifluatex switch (HO)
Package ifluatex Info: LuaTeX not detected.
)
Package pdftexcmds Info: LuaTeX not detected.
Package pdftexcmds Info: \pdf@primitive is available.
Package pdftexcmds Info: \pdf@ifprimitive is available.
Package pdftexcmds Info: \pdfdraftmode found.
)
(/usr/share/texlive/texmf-dist/tex/latex/oberdiek/epstopdf-base.sty
Package: epstopdf-base 2010/02/09 v2.5 Base part for package epstopdf

(/usr/share/texlive/texmf-dist/tex/latex/oberdiek/grfext.sty
Package: grfext 2010/08/19 v1.1 Manage graphics extensions (HO)

(/usr/share/texlive/texmf-dist/tex/generic/oberdiek/kvdefinekeys.sty
Package: kvdefinekeys 2011/04/07 v1.3 Define keys (HO)
))
(/usr/share/texlive/texmf-dist/tex/latex/oberdiek/kvoptions.sty
Package: kvoptions 2011/06/30 v3.11 Key value format for package options (HO)

(/usr/share/texlive/texmf-dist/tex/generic/oberdiek/kvsetkeys.sty
Package: kvsetkeys 2012/04/25 v1.16 Key value parser (HO)

(/usr/share/texlive/texmf-dist/tex/generic/oberdiek/etexcmds.sty
Package: etexcmds 2011/02/16 v1.5 Avoid name clashes with e-TeX commands (HO)
Package etexcmds Info: Could not find \expanded.
(etexcmds)             That can mean that you are not using pdfTeX 1.50 or
(etexcmds)             that some package has redefined \expanded.
(etexcmds)             In the latter case, load this package earlier.
)))
Package grfext Info: Graphics extension search list:
(grfext)             [.png,.pdf,.jpg,.mps,.jpeg,.jbig2,.jb2,.PNG,.PDF,.JPG,.JPE
G,.JBIG2,.JB2,.eps]
(grfext)             \AppendGraphicsExtensions on input line 452.

(/usr/share/texlive/texmf-dist/tex/latex/latexconfig/epstopdf-sys.cfg
File: epstopdf-sys.cfg 2010/07/13 v1.3 Configuration of (r)epstopdf for TeX Liv
e
))
Package caption Info: Begin \AtBeginDocument code.
Package caption Info: float package is loaded.
Package caption Info: End \AtBeginDocument code.
\openout2 = `titlepage.aux'.


(./titlepage.tex
LaTeX Font Info:    External font `cmex10' loaded for size
(Font)              <8> on input line 47.
LaTeX Font Info:    External font `cmex10' loaded for size
(Font)              <6> on input line 47.
 [1


{/var/lib/texmf/fonts/map/pdftex/updmap/pdftex.map}])
\openout2 = `abstract.aux'.


(./abstract.tex) [2



]
\openout2 = `dedication.aux'.


No file dedication.tex.
\openout2 = `acknowledgements.aux'.

No file acknowledgements.tex.
\openout2 = `nomenclature.aux'.

No file nomenclature.tex.
\openout2 = `lists.aux'.

(./lists.tex (./tamuthesis.toc [3








])
\tf@toc=\write3
\openout3 = `tamuthesis.toc'.

 [4]
! Missing number, treated as zero.
<to be read again> 
                   p
l.74 \listoffigures
                   
? 
(./tamuthesis.lof)
\tf@lof=\write4
\openout4 = `tamuthesis.lof'.

 [5] (./tamuthesis.lot)
\tf@lot=\write5
\openout5 = `tamuthesis.lot'.

 [6])
\openout2 = `introduction.aux'.

 (./introduction.tex
Chapter 1.
[1



] <figures/app_stack.png, id=26, 497.2176pt x 394.5942pt>
File: figures/app_stack.png Graphic file (type png)

<use figures/app_stack.png>
Package pdftex.def Info: figures/app_stack.png used on input line 46.
(pdftex.def)             Requested size: 298.33286pt x 236.75833pt.
 [2]
<figures/vir_phy_map.png, id=31, 352.1958pt x 289.08pt>
File: figures/vir_phy_map.png Graphic file (type png)

<use figures/vir_phy_map.png>
Package pdftex.def Info: figures/vir_phy_map.png used on input line 59.
(pdftex.def)             Requested size: 211.3191pt x 173.44933pt.
 [3 <./figures/app_stack.png>]
Missing character: There is no ‚ in font cmr12!
Missing character: There is no Ä in font cmr12!
Missing character: There is no ô in font cmr12!
Missing character: There is no ‚ in font cmr12!
Missing character: There is no Ä in font cmr12!
Missing character: There is no ô in font cmr12!
 [4 <./figures/vir_phy_map.png>] <figures/Mem_IO_CPU.png, id=43, 431.211pt x 29
1.0072pt>
File: figures/Mem_IO_CPU.png Graphic file (type png)

<use figures/Mem_IO_CPU.png>
Package pdftex.def Info: figures/Mem_IO_CPU.png used on input line 77.
(pdftex.def)             Requested size: 258.72859pt x 174.60567pt.
 [5 <./figures/Mem_IO_CPU.png>]
<figures/protect_levels.png, id=49, 217.7736pt x 217.7736pt>
File: figures/protect_levels.png Graphic file (type png)

<use figures/protect_levels.png>
Package pdftex.def Info: figures/protect_levels.png used on input line 95.
(pdftex.def)             Requested size: 130.66516pt x 130.66516pt.
 [6 <./figures/protect_levels.png>]
<figures/sys_virt.png, id=54, 674.0382pt x 397.9668pt>
File: figures/sys_virt.png Graphic file (type png)

<use figures/sys_virt.png>
Package pdftex.def Info: figures/sys_virt.png used on input line 117.
(pdftex.def)             Requested size: 404.42604pt x 238.7819pt.
Missing character: There is no ‚ in font cmr12!
Missing character: There is no Ä in font cmr12!
Missing character: There is no ô in font cmr12!
 [7 <./figures/sys_virt.png>] [8]
<figures/protect_hyper.png, id=63, 326.1786pt x 326.1786pt>
File: figures/protect_hyper.png Graphic file (type png)

<use figures/protect_hyper.png>
Package pdftex.def Info: figures/protect_hyper.png used on input line 136.
(pdftex.def)             Requested size: 195.70866pt x 195.70866pt.
Missing character: There is no ‚ in font cmr12!
Missing character: There is no Ä in font cmr12!
Missing character: There is no ô in font cmr12!

<figures/virt_mem.png, id=64, 453.8556pt x 161.8848pt>
File: figures/virt_mem.png Graphic file (type png)

<use figures/virt_mem.png>
Package pdftex.def Info: figures/virt_mem.png used on input line 149.
(pdftex.def)             Requested size: 272.31546pt x 97.13162pt.
 [9 <./figures/protect_hyper.png>]
<figures/hyp_mem_map_comp.png, id=69, 635.0124pt x 216.81pt>
File: figures/hyp_mem_map_comp.png Graphic file (type png)

<use figures/hyp_mem_map_comp.png>
Package pdftex.def Info: figures/hyp_mem_map_comp.png used on input line 167.
(pdftex.def)             Requested size: 381.01038pt x 130.08699pt.
 [10 <./figures/virt_mem.png> <./figures/hyp_mem_map_comp.png>] [11] [12]
<figures/nvmemorytable.png, id=81, 486.31688pt x 111.41624pt>
File: figures/nvmemorytable.png Graphic file (type png)

<use figures/nvmemorytable.png>
Package pdftex.def Info: figures/nvmemorytable.png used on input line 216.
(pdftex.def)             Requested size: 291.79237pt x 66.85025pt.
 [13 <./figures/nvmemorytable.png>] [14]
<figures/new_mem_arch.png, id=89, 646.0938pt x 423.984pt>
File: figures/new_mem_arch.png Graphic file (type png)

<use figures/new_mem_arch.png>
Package pdftex.def Info: figures/new_mem_arch.png used on input line 247.
(pdftex.def)             Requested size: 387.65927pt x 254.39235pt.
 [15]
<figures/NVDIMM_Stack.png, id=93, 645.1302pt x 351.714pt>
File: figures/NVDIMM_Stack.png Graphic file (type png)

<use figures/NVDIMM_Stack.png>
Package pdftex.def Info: figures/NVDIMM_Stack.png used on input line 259.
(pdftex.def)             Requested size: 387.08112pt x 211.03003pt.
 [16 <./figures/new_mem_arch.png>]
<figures/intelhubarchi.png, id=98, 663.22781pt x 458.46281pt>
File: figures/intelhubarchi.png Graphic file (type png)

<use figures/intelhubarchi.png>
Package pdftex.def Info: figures/intelhubarchi.png used on input line 279.
(pdftex.def)             Requested size: 397.93976pt x 275.0798pt.
 [17 <./figures/NVDIMM_Stack.png>] [18 <./figures/intelhubarchi.png>]
<figures/e820table.png, id=107, 468.24937pt x 366.61969pt>
File: figures/e820table.png Graphic file (type png)

<use figures/e820table.png>
Package pdftex.def Info: figures/e820table.png used on input line 298.
(pdftex.def)             Requested size: 280.95178pt x 219.97351pt.
 [19] [20 <./figures/e820table.png>] [21] [22])
[23]
\openout2 = `design.aux'.

 (./design.tex
Chapter 2.
<figures/Xen_model.png, id=124, 691.383pt x 394.1124pt>
File: figures/Xen_model.png Graphic file (type png)

<use figures/Xen_model.png>
Package pdftex.def Info: figures/Xen_model.png used on input line 12.
(pdftex.def)             Requested size: 414.83301pt x 236.46925pt.
 [24



] [25 <./figures/Xen_model.png>]
File: figures/Xen_model.png Graphic file (type png)

<use figures/Xen_model.png>
Package pdftex.def Info: figures/Xen_model.png used on input line 31.
(pdftex.def)             Requested size: 414.83301pt x 236.46925pt.
 [26] [27]
<figures/XEN_API.png, id=139, 450.483pt x 290.0436pt>
File: figures/XEN_API.png Graphic file (type png)

<use figures/XEN_API.png>
Package pdftex.def Info: figures/XEN_API.png used on input line 58.
(pdftex.def)             Requested size: 270.29187pt x 174.0275pt.
 [28 <./figures/XEN_API.png>]
Missing character: There is no ‚ in font cmr12!
Missing character: There is no Ä in font cmr12!
Missing character: There is no ô in font cmr12!
 [29]
<figures/x86_64_VA_space.png, id=147, 339.669pt x 451.9284pt>
File: figures/x86_64_VA_space.png Graphic file (type png)

<use figures/x86_64_VA_space.png>
Package pdftex.def Info: figures/x86_64_VA_space.png used on input line 92.
(pdftex.def)             Requested size: 203.80296pt x 271.15912pt.

<figures/VA_layout_hypervisor.png, id=148, 828.2142pt x 497.6994pt>
File: figures/VA_layout_hypervisor.png Graphic file (type png)

<use figures/VA_layout_hypervisor.png>
Package pdftex.def Info: figures/VA_layout_hypervisor.png used on input line 10
8.
(pdftex.def)             Requested size: 496.93236pt x 298.62193pt.

Overfull \hbox (66.92496pt too wide) in paragraph at lines 108--109
 [][] 
 []

[30]
File: figures/Xen_model.png Graphic file (type png)
 <use figures/Xen_model.png>
Package pdftex.def Info: figures/Xen_model.png used on input line 120.
(pdftex.def)             Requested size: 414.83301pt x 236.46925pt.
 [31 <./figures/x86_64_VA_space.png>] [32 <./figures/VA_layout_hypervisor.png>]
 [33]
Chapter 3.
[34

] <figures/Xen_mod_model.png, id=167, 691.8648pt x 394.1124pt>
File: figures/Xen_mod_model.png Graphic file (type png)

<use figures/Xen_mod_model.png>
Package pdftex.def Info: figures/Xen_mod_model.png used on input line 177.
(pdftex.def)             Requested size: 415.12209pt x 236.46925pt.
 [35] [36 <./figures/Xen_mod_model.png>]
[37] [38]
Missing character: There is no ‚ in font cmr12!
Missing character: There is no Ä in font cmr12!
Missing character: There is no ì in font cmr12!
Missing character: There is no ‚ in font cmr12!
Missing character: There is no Ä in font cmr12!
Missing character: There is no ô in font cmr12!
 [39] [40]
Missing character: There is no ‚ in font cmr12!
Missing character: There is no Ä in font cmr12!
Missing character: There is no ì in font cmr12!
 [41]) [42]
\openout2 = `experiment.aux'.

 (./experiment.tex
Chapter 4.
) [43



]
\openout2 = `results.aux'.

 (./results.tex
Chapter 5.
[44



]
Missing character: There is no ‚ in font cmr12!
Missing character: There is no Ä in font cmr12!
Missing character: There is no ú in font cmr12!
Missing character: There is no ‚ in font cmr12!
Missing character: There is no Ä in font cmr12!
Missing character: There is no ù in font cmr12!
Missing character: There is no ‚ in font cmr12!
Missing character: There is no Ä in font cmr12!
Missing character: There is no ú in font cmr12!
Missing character: There is no ‚ in font cmr12!
Missing character: There is no Ä in font cmr12!
Missing character: There is no ù in font cmr12!
 [45]) [46] [47]
\openout2 = `bibliography.aux'.


No file bibliography.tex.
(./tamuthesis.aux (./titlepage.aux) (./abstract.aux) (./dedication.aux)
(./acknowledgements.aux) (./nomenclature.aux) (./lists.aux) (./introduction.aux
) (./design.aux) (./experiment.aux) (./results.aux) (./bibliography.aux))

LaTeX Warning: Label(s) may have changed. Rerun to get cross-references right.

 ) 
Here is how much of TeX's memory you used:
 5444 strings out of 493304
 80066 string characters out of 6139870
 162391 words of memory out of 5000000
 8730 multiletter control sequences out of 15000+600000
 9658 words of font info for 34 fonts, out of 8000000 for 9000
 957 hyphenation exceptions out of 8191
 38i,7n,39p,1297b,278s stack positions out of 5000i,500n,10000p,200000b,80000s
</usr/share/texlive/texmf-dist/fonts/type1/public/amsfonts/cm/cmmi12.pfb></us
r/share/texlive/texmf-dist/fonts/type1/public/amsfonts/cm/cmmi8.pfb></usr/share
/texlive/texmf-dist/fonts/type1/public/amsfonts/cm/cmr12.pfb></usr/share/texliv
e/texmf-dist/fonts/type1/public/amsfonts/cm/cmsy8.pfb></usr/share/texlive/texmf
-dist/fonts/type1/public/amsfonts/cm/cmti12.pfb>
Output written on tamuthesis.pdf (53 pages, 727227 bytes).
PDF statistics:
 231 PDF objects out of 1000 (max. 8388607)
 135 compressed objects within 2 object streams
 0 named destinations out of 1000 (max. 500000)
 91 words of extra memory for PDF output out of 10000 (max. 10000000)

